<?xml version="1.0" encoding="UTF-8"?>
<testng-results ignored="20" total="22" passed="1" failed="1" skipped="0">
  <reporter-output>
  </reporter-output>
  <suite started-at="2024-07-04T10:34:54 IST" name="Default suite" finished-at="2024-07-04T10:38:29 IST" duration-ms="214926">
    <groups>
    </groups>
    <test started-at="2024-07-04T10:34:54 IST" name="Default test" finished-at="2024-07-04T10:38:29 IST" duration-ms="214926">
      <class name="Test.Democlass">
        <test-method is-config="true" signature="baseMethod()[pri:0, instance:Test.Democlass@7188af83]" started-at="2024-07-04T10:34:54 IST" name="baseMethod" finished-at="2024-07-04T10:35:42 IST" duration-ms="47865" status="PASS">
          <reporter-output>
          </reporter-output>
        </test-method> <!-- baseMethod -->
        <test-method signature="dropdown()[pri:0, instance:Test.Democlass@7188af83]" started-at="2024-07-04T10:35:42 IST" name="dropdown" finished-at="2024-07-04T10:37:31 IST" duration-ms="108642" status="FAIL">
          <exception class="org.openqa.selenium.NoSuchElementException">
            <message>
              <![CDATA[Cannot locate option with value: Red1
For documentation on this error, please visit: http://seleniumhq.org/exceptions/no_such_element.html
Build info: version: '3.5.3', revision: 'a88d25fe6b', time: '2017-08-29T12:42:44.417Z'
System info: host: 'NEW-PC', ip: '192.168.39.197', os.name: 'Windows 7', os.arch: 'amd64', os.version: '6.1', java.version: '17.0.4.1'
Driver info: driver.version: unknown]]>
            </message>
            <full-stacktrace>
              <![CDATA[org.openqa.selenium.NoSuchElementException: Cannot locate option with value: Red1
For documentation on this error, please visit: http://seleniumhq.org/exceptions/no_such_element.html
Build info: version: '3.5.3', revision: 'a88d25fe6b', time: '2017-08-29T12:42:44.417Z'
System info: host: 'NEW-PC', ip: '192.168.39.197', os.name: 'Windows 7', os.arch: 'amd64', os.version: '6.1', java.version: '17.0.4.1'
Driver info: driver.version: unknown
at org.openqa.selenium.support.ui.Select.selectByValue(Select.java:209)
at Test.Democlass.dropdown(Democlass.java:379)
at java.base/jdk.internal.reflect.NativeMethodAccessorImpl.invoke0(Native Method)
at java.base/jdk.internal.reflect.NativeMethodAccessorImpl.invoke(NativeMethodAccessorImpl.java:77)
at java.base/jdk.internal.reflect.DelegatingMethodAccessorImpl.invoke(DelegatingMethodAccessorImpl.java:43)
at java.base/java.lang.reflect.Method.invoke(Method.java:568)
at org.testng.internal.MethodInvocationHelper.invokeMethod(MethodInvocationHelper.java:133)
at org.testng.internal.TestInvoker.invokeMethod(TestInvoker.java:598)
at org.testng.internal.TestInvoker.invokeTestMethod(TestInvoker.java:173)
at org.testng.internal.MethodRunner.runInSequence(MethodRunner.java:46)
at org.testng.internal.TestInvoker$MethodInvocationAgent.invoke(TestInvoker.java:824)
at org.testng.internal.TestInvoker.invokeTestMethods(TestInvoker.java:146)
at org.testng.internal.TestMethodWorker.invokeTestMethods(TestMethodWorker.java:146)
at org.testng.internal.TestMethodWorker.run(TestMethodWorker.java:128)
at java.base/java.util.ArrayList.forEach(ArrayList.java:1511)
at org.testng.TestRunner.privateRun(TestRunner.java:794)
at org.testng.TestRunner.run(TestRunner.java:596)
at org.testng.SuiteRunner.runTest(SuiteRunner.java:377)
at org.testng.SuiteRunner.runSequentially(SuiteRunner.java:371)
at org.testng.SuiteRunner.privateRun(SuiteRunner.java:332)
at org.testng.SuiteRunner.run(SuiteRunner.java:276)
at org.testng.SuiteRunnerWorker.runSuite(SuiteRunnerWorker.java:53)
at org.testng.SuiteRunnerWorker.run(SuiteRunnerWorker.java:96)
at org.testng.TestNG.runSuitesSequentially(TestNG.java:1212)
at org.testng.TestNG.runSuitesLocally(TestNG.java:1134)
at org.testng.TestNG.runSuites(TestNG.java:1063)
at org.testng.TestNG.run(TestNG.java:1031)
at org.testng.remote.AbstractRemoteTestNG.run(AbstractRemoteTestNG.java:115)
at org.testng.remote.RemoteTestNG.initAndRun(RemoteTestNG.java:251)
at org.testng.remote.RemoteTestNG.main(RemoteTestNG.java:77)
]]>
            </full-stacktrace>
          </exception> <!-- org.openqa.selenium.NoSuchElementException -->
          <reporter-output>
          </reporter-output>
        </test-method> <!-- dropdown -->
        <test-method is-config="true" signature="baseMethod()[pri:0, instance:Test.Democlass@7188af83]" started-at="2024-07-04T10:37:32 IST" name="baseMethod" finished-at="2024-07-04T10:38:22 IST" duration-ms="49876" status="PASS">
          <reporter-output>
          </reporter-output>
        </test-method> <!-- baseMethod -->
        <test-method signature="multipleWindowHandling()[pri:0, instance:Test.Democlass@7188af83]" started-at="2024-07-04T10:38:22 IST" name="multipleWindowHandling" finished-at="2024-07-04T10:38:29 IST" duration-ms="7465" status="PASS">
          <reporter-output>
          </reporter-output>
        </test-method> <!-- multipleWindowHandling -->
      </class> <!-- Test.Democlass -->
    </test> <!-- Default test -->
  </suite> <!-- Default suite -->
</testng-results>
