<?xml version="1.0" encoding="UTF-8"?>
<!-- Generated by org.testng.reporters.JUnitXMLReporter -->
<testsuite ignored="49" hostname="new-PC" failures="1" tests="7" name="Test" time="173.447" errors="0" timestamp="2024-07-03T15:55:38 IST">
  <testcase classname="Test.TestNg2" name="b" time="0.023"/>
  <testcase classname="Test.TestNg2" name="c" time="0.003"/>
  <testcase classname="Test.TestNg2" name="d" time="0.005"/>
  <testcase classname="Test.Democlass" name="Popup_Demo" time="0.911">
    <failure type="org.openqa.selenium.InvalidArgumentException" message="invalid argument
  (Session info: chrome=109.0.5414.120)
Build info: version: &amp;apos;3.5.3&amp;apos;, revision: &amp;apos;a88d25fe6b&amp;apos;, time: &amp;apos;2017-08-29T12:42:44.417Z&amp;apos;
System info: host: &amp;apos;NEW-PC&amp;apos;, ip: &amp;apos;192.168.39.197&amp;apos;, os.name: &amp;apos;Windows 7&amp;apos;, os.arch: &amp;apos;amd64&amp;apos;, os.version: &amp;apos;6.1&amp;apos;, java.version: &amp;apos;17.0.4.1&amp;apos;
Driver info: org.openqa.selenium.chrome.ChromeDriver
Capabilities [{networkConnectionEnabled=false, chrome={chromedriverVersion=109.0.5414.74 (e7c5703604daa9cc128ccf5a5d3e993513758913-refs/branch-heads/5414@{#1172}), userDataDir=C:\Users\new\AppData\Local\Temp\scoped_dir3792_1648751850}, timeouts={implicit=0, pageLoad=300000, script=30000}, pageLoadStrategy=normal, unhandledPromptBehavior=dismiss and notify, strictFileInteractability=false, platform=XP, proxy=Proxy(), goog:chromeOptions={debuggerAddress=localhost:58100}, webauthn:extension:credBlob=true, acceptInsecureCerts=false, browserVersion=109.0.5414.120, browserName=chrome, javascriptEnabled=true, platformName=XP, setWindowRect=true, webauthn:extension:largeBlob=true, webauthn:virtualAuthenticators=true}]
Session ID: 78b5db5105194ee3c81f1a0e3a4984c2">
      <![CDATA[org.openqa.selenium.InvalidArgumentException: invalid argument
  (Session info: chrome=109.0.5414.120)
Build info: version: '3.5.3', revision: 'a88d25fe6b', time: '2017-08-29T12:42:44.417Z'
System info: host: 'NEW-PC', ip: '192.168.39.197', os.name: 'Windows 7', os.arch: 'amd64', os.version: '6.1', java.version: '17.0.4.1'
Driver info: org.openqa.selenium.chrome.ChromeDriver
Capabilities [{networkConnectionEnabled=false, chrome={chromedriverVersion=109.0.5414.74 (e7c5703604daa9cc128ccf5a5d3e993513758913-refs/branch-heads/5414@{#1172}), userDataDir=C:\Users\new\AppData\Local\Temp\scoped_dir3792_1648751850}, timeouts={implicit=0, pageLoad=300000, script=30000}, pageLoadStrategy=normal, unhandledPromptBehavior=dismiss and notify, strictFileInteractability=false, platform=XP, proxy=Proxy(), goog:chromeOptions={debuggerAddress=localhost:58100}, webauthn:extension:credBlob=true, acceptInsecureCerts=false, browserVersion=109.0.5414.120, browserName=chrome, javascriptEnabled=true, platformName=XP, setWindowRect=true, webauthn:extension:largeBlob=true, webauthn:virtualAuthenticators=true}]
Session ID: 78b5db5105194ee3c81f1a0e3a4984c2
at org.openqa.selenium.remote.http.W3CHttpResponseCodec.createException(W3CHttpResponseCodec.java:185)
at org.openqa.selenium.remote.http.W3CHttpResponseCodec.decode(W3CHttpResponseCodec.java:120)
at org.openqa.selenium.remote.http.W3CHttpResponseCodec.decode(W3CHttpResponseCodec.java:49)
at org.openqa.selenium.remote.HttpCommandExecutor.execute(HttpCommandExecutor.java:164)
at org.openqa.selenium.remote.service.DriverCommandExecutor.execute(DriverCommandExecutor.java:82)
at org.openqa.selenium.remote.RemoteWebDriver.execute(RemoteWebDriver.java:646)
at org.openqa.selenium.remote.RemoteWebDriver.get(RemoteWebDriver.java:370)
at Test.Democlass.Popup_Demo(Democlass.java:498)
at java.base/java.util.ArrayList.forEach(ArrayList.java:1511)
... Removed 32 stack frames]]>
    </failure>
  </testcase> <!-- Popup_Demo -->
  <testcase classname="Test.Democlass" name="multipleWindowHandling" time="9.111"/>
  <testcase classname="Test.PracticProgram" name="infinitloop" time="0.047"/>
  <testcase classname="Test.PracticProgram" name="numberTest" time="0.003"/>
  <testcase classname="Test.Democlass" name="fileUpload" time="0.0">
    <ignored/>
  </testcase> <!-- fileUpload -->
  <testcase classname="Test.Democlass" name="iteratorTest" time="0.0">
    <ignored/>
  </testcase> <!-- iteratorTest -->
  <testcase classname="Test.Democlass" name="freamHnadle" time="0.0">
    <ignored/>
  </testcase> <!-- freamHnadle -->
  <testcase classname="Test.Democlass" name="buttonsClick" time="0.0">
    <ignored/>
  </testcase> <!-- buttonsClick -->
  <testcase classname="Test.PracticProgram" name="arrayRoot" time="0.0">
    <ignored/>
  </testcase> <!-- arrayRoot -->
  <testcase classname="Test.Democlass" name="tab" time="0.0">
    <ignored/>
  </testcase> <!-- tab -->
  <testcase classname="Test.PracticProgram" name="stringTest" time="0.0">
    <ignored/>
  </testcase> <!-- stringTest -->
  <testcase classname="Test.PracticProgram" name="StringTesting" time="0.0">
    <ignored/>
  </testcase> <!-- StringTesting -->
  <testcase classname="Test.Democlass" name="a" time="0.0">
    <ignored/>
  </testcase> <!-- a -->
  <testcase classname="Test.PracticProgram" name="vouvelsTest" time="0.0">
    <ignored/>
  </testcase> <!-- vouvelsTest -->
  <testcase classname="Test.Democlass" name="dropdown" time="0.0">
    <ignored/>
  </testcase> <!-- dropdown -->
  <testcase classname="Test.Democlass" name="explicitWaitTest" time="0.0">
    <ignored/>
  </testcase> <!-- explicitWaitTest -->
  <testcase classname="Test.PracticProgram" name="arrayDynamic" time="0.0">
    <ignored/>
  </testcase> <!-- arrayDynamic -->
  <testcase classname="Test.Democlass" name="tooltips" time="0.0">
    <ignored/>
  </testcase> <!-- tooltips -->
  <testcase classname="Test.PracticProgram" name="countWord" time="0.0">
    <ignored/>
  </testcase> <!-- countWord -->
  <testcase classname="Test.PracticProgram" name="swapNumber" time="0.0">
    <ignored/>
  </testcase> <!-- swapNumber -->
  <testcase classname="Test.PracticProgram" name="StringTesting2" time="0.0">
    <ignored/>
  </testcase> <!-- StringTesting2 -->
  <testcase classname="Test.Democlass" name="dependsMethodTest" time="0.0">
    <ignored/>
  </testcase> <!-- dependsMethodTest -->
  <testcase classname="Test.PracticProgram" name="arraySeprat" time="0.0">
    <ignored/>
  </testcase> <!-- arraySeprat -->
  <testcase classname="Test.PracticProgram" name="stringMethodsTest" time="0.0">
    <ignored/>
  </testcase> <!-- stringMethodsTest -->
  <testcase classname="Test.PracticProgram" name="handleWindow" time="0.0">
    <ignored/>
  </testcase> <!-- handleWindow -->
  <testcase classname="Test.PracticProgram" name="arrayTest" time="0.0">
    <ignored/>
  </testcase> <!-- arrayTest -->
  <testcase classname="Test.Democlass" name="assertionTest" time="0.0">
    <ignored/>
  </testcase> <!-- assertionTest -->
  <testcase classname="Test.PracticProgram" name="StringFunctions" time="0.0">
    <ignored/>
  </testcase> <!-- StringFunctions -->
  <testcase classname="Test.Democlass" name="windowHandle" time="0.0">
    <ignored/>
  </testcase> <!-- windowHandle -->
  <testcase classname="Test.PracticProgram" name="StringPalindrom" time="0.0">
    <ignored/>
  </testcase> <!-- StringPalindrom -->
  <testcase classname="Test.PracticProgram" name="PrintFirstTwoChatacterFromWord" time="0.0">
    <ignored/>
  </testcase> <!-- PrintFirstTwoChatacterFromWord -->
  <testcase classname="Test.Democlass" name="webElwmnt" time="0.0">
    <ignored/>
  </testcase> <!-- webElwmnt -->
  <testcase classname="Test.PracticProgram" name="reverseString" time="0.0">
    <ignored/>
  </testcase> <!-- reverseString -->
  <testcase classname="Test.PracticProgram" name="findLinks" time="0.0">
    <ignored/>
  </testcase> <!-- findLinks -->
  <testcase classname="Test.Democlass" name="checkbox" time="0.0">
    <ignored/>
  </testcase> <!-- checkbox -->
  <testcase classname="Test.PracticProgram" name="stringReverse" time="0.0">
    <ignored/>
  </testcase> <!-- stringReverse -->
  <testcase classname="Test.Democlass" name="dynamic_properties" time="0.0">
    <ignored/>
  </testcase> <!-- dynamic_properties -->
  <testcase classname="Test.PracticProgram" name="arraySort" time="0.0">
    <ignored/>
  </testcase> <!-- arraySort -->
  <testcase classname="Test.PracticProgram" name="TestLounch" time="0.0">
    <ignored/>
  </testcase> <!-- TestLounch -->
  <testcase classname="Test.PracticProgram" name="printASII_value" time="0.0">
    <ignored/>
  </testcase> <!-- printASII_value -->
  <testcase classname="Test.Democlass" name="hideElement" time="0.0">
    <ignored/>
  </testcase> <!-- hideElement -->
  <testcase classname="Test.Democlass" name="menu" time="0.0">
    <ignored/>
  </testcase> <!-- menu -->
  <testcase classname="Test.Democlass" name="buttons" time="0.0">
    <ignored/>
  </testcase> <!-- buttons -->
  <testcase classname="Test.PracticProgram" name="testString" time="0.0">
    <ignored/>
  </testcase> <!-- testString -->
  <testcase classname="Test.PracticProgram" name="arrayReverse" time="0.0">
    <ignored/>
  </testcase> <!-- arrayReverse -->
  <testcase classname="Test.PracticProgram" name="NewStringFromOld" time="0.0">
    <ignored/>
  </testcase> <!-- NewStringFromOld -->
  <testcase classname="Test.PracticProgram" name="stringChar" time="0.0">
    <ignored/>
  </testcase> <!-- stringChar -->
  <testcase classname="Test.PracticProgram" name="palidromString" time="0.0">
    <ignored/>
  </testcase> <!-- palidromString -->
  <testcase classname="Test.PracticProgram" name="StringTestSplit" time="0.0">
    <ignored/>
  </testcase> <!-- StringTestSplit -->
  <testcase classname="Test.PracticProgram" name="StringTest" time="0.0">
    <ignored/>
  </testcase> <!-- StringTest -->
  <testcase classname="Test.Democlass" name="texbox" time="0.0">
    <ignored/>
  </testcase> <!-- texbox -->
  <testcase classname="Test.Democlass" name="dataTable" time="0.0">
    <ignored/>
  </testcase> <!-- dataTable -->
  <testcase classname="Test.PracticProgram" name="stringCharactorCount" time="0.0">
    <ignored/>
  </testcase> <!-- stringCharactorCount -->
</testsuite> <!-- Test -->
